\BOOKMARK [1][-]{section.1}{Introduction}{}% 1
\BOOKMARK [1][-]{section.2}{Main program}{}% 2
\BOOKMARK [2][-]{subsection.2.1}{Basic setup}{section.2}% 3
\BOOKMARK [2][-]{subsection.2.2}{Fixed effects}{section.2}% 4
\BOOKMARK [2][-]{subsection.2.3}{Random effects}{section.2}% 5
\BOOKMARK [2][-]{subsection.2.4}{Creating the C and F matrices}{section.2}% 6
\BOOKMARK [1][-]{section.3}{The model formula}{}% 7
\BOOKMARK [2][-]{subsection.3.1}{Introduction}{section.3}% 8
\BOOKMARK [2][-]{subsection.3.2}{Parsing the formula}{section.3}% 9
\BOOKMARK [2][-]{subsection.3.3}{Random terms}{section.3}% 10
\BOOKMARK [2][-]{subsection.3.4}{Miscellaneous}{section.3}% 11
\BOOKMARK [1][-]{section.4}{Variance families}{}% 12
\BOOKMARK [2][-]{subsection.4.1}{Structure}{section.4}% 13
\BOOKMARK [2][-]{subsection.4.2}{Sparseness}{section.4}% 14
\BOOKMARK [2][-]{subsection.4.3}{coxmeFull}{section.4}% 15
\BOOKMARK [2][-]{subsection.4.4}{coxmeMlist}{section.4}% 16
\BOOKMARK [1][-]{section.5}{Fitting}{}% 17
\BOOKMARK [2][-]{subsection.5.1}{Penalty matrix}{section.5}% 18
\BOOKMARK [2][-]{subsection.5.2}{C routines}{section.5}% 19
\BOOKMARK [2][-]{subsection.5.3}{Setup}{section.5}% 20
\BOOKMARK [2][-]{subsection.5.4}{Doing the fit}{section.5}% 21
\BOOKMARK [2][-]{subsection.5.5}{Finishing up}{section.5}% 22
\BOOKMARK [1][-]{section.6}{Methods for the random effects}{}% 23
\BOOKMARK [1][-]{section.7}{lmekin}{}% 24
\BOOKMARK [1][-]{section.8}{Matrix conversions}{}% 25
